{
  "Cucumber Features": {
    "coverage": {
      "/home/ec2-user/environment/csce-606-f2018-project/app/controllers/signin_controller.rb": [
        1,
        1,
        null,
        null
      ],
      "/home/ec2-user/environment/csce-606-f2018-project/app/controllers/application_controller.rb": [
        1,
        1,
        1,
        null,
        1,
        32,
        null,
        null,
        1,
        32,
        null,
        null,
        1,
        null,
        32,
        null,
        null,
        null
      ],
      "/home/ec2-user/environment/csce-606-f2018-project/app/helpers/application_helper.rb": [
        1,
        null
      ],
      "/home/ec2-user/environment/csce-606-f2018-project/app/helpers/channels_helper.rb": [
        1,
        null
      ],
      "/home/ec2-user/environment/csce-606-f2018-project/app/helpers/home_helper.rb": [
        1,
        null
      ],
      "/home/ec2-user/environment/csce-606-f2018-project/app/helpers/me_helper.rb": [
        1,
        null
      ],
      "/home/ec2-user/environment/csce-606-f2018-project/app/helpers/stream_packages_helper.rb": [
        1,
        null
      ],
      "/home/ec2-user/environment/csce-606-f2018-project/app/controllers/sessions_controller.rb": [
        1,
        null,
        1,
        11,
        11,
        11,
        null,
        null,
        1,
        0,
        0,
        null,
        null,
        null
      ],
      "/home/ec2-user/environment/csce-606-f2018-project/app/models/user.rb": [
        1,
        1,
        1,
        null,
        1,
        11,
        11,
        11,
        11,
        11,
        11,
        11,
        11,
        null,
        null,
        null,
        1,
        57,
        0,
        0,
        0,
        null,
        null,
        null,
        null
      ],
      "/home/ec2-user/environment/csce-606-f2018-project/app/models/application_record.rb": [
        1,
        1,
        null
      ],
      "/home/ec2-user/environment/csce-606-f2018-project/app/controllers/home_controller.rb": [
        1,
        1,
        1,
        19,
        null,
        19,
        0,
        null,
        null,
        19,
        19,
        19,
        null,
        19,
        null,
        19,
        null,
        null,
        null,
        null,
        19,
        19,
        0,
        null,
        null,
        19,
        19,
        19,
        19,
        0,
        0,
        0,
        null,
        null,
        null,
        null
      ],
      "/home/ec2-user/environment/csce-606-f2018-project/app/models/channels_user.rb": [
        1,
        1,
        1,
        null,
        null,
        null
      ],
      "/home/ec2-user/environment/csce-606-f2018-project/app/models/channel.rb": [
        1,
        1,
        1,
        null
      ],
      "/home/ec2-user/environment/csce-606-f2018-project/app/models/stream_package.rb": [
        1,
        1,
        null
      ],
      "/home/ec2-user/environment/csce-606-f2018-project/app/controllers/stream_packages_controller.rb": [
        1,
        1,
        1,
        null,
        null,
        null,
        1,
        2,
        null,
        null,
        null,
        null,
        1,
        null,
        null,
        null,
        1,
        0,
        0,
        null,
        null,
        null,
        1,
        null,
        null,
        null,
        null,
        1,
        0,
        0,
        null,
        0,
        0,
        0,
        0,
        null,
        0,
        0,
        null,
        null,
        null,
        null,
        null,
        null,
        1,
        1,
        2,
        null,
        1,
        2,
        1,
        null,
        0,
        0,
        null,
        null,
        null,
        null,
        null,
        null,
        1,
        0,
        0,
        0,
        0,
        null,
        null,
        null,
        1,
        null,
        1,
        11,
        11,
        null,
        null,
        null,
        1,
        2,
        null,
        null
      ],
      "/home/ec2-user/environment/csce-606-f2018-project/app/controllers/channels_controller.rb": [
        1,
        1,
        null,
        null,
        null,
        1,
        7,
        null,
        null,
        null,
        null,
        1,
        null,
        null,
        null,
        1,
        1,
        null,
        null,
        null,
        1,
        null,
        null,
        null,
        null,
        1,
        1,
        null,
        1,
        1,
        2,
        1,
        null,
        0,
        0,
        null,
        null,
        null,
        null,
        null,
        null,
        1,
        0,
        0,
        0,
        0,
        null,
        0,
        0,
        null,
        null,
        null,
        null,
        null,
        null,
        1,
        0,
        0,
        0,
        0,
        null,
        null,
        null,
        1,
        null,
        1,
        4,
        null,
        null,
        null,
        1,
        1,
        null,
        null
      ],
      "/home/ec2-user/environment/csce-606-f2018-project/app/mailers/application_mailer.rb": [
        0,
        0,
        0,
        0
      ],
      "/home/ec2-user/environment/csce-606-f2018-project/app/jobs/application_job.rb": [
        0,
        0
      ],
      "/home/ec2-user/environment/csce-606-f2018-project/app/channels/application_cable/connection.rb": [
        0,
        0,
        0,
        0
      ],
      "/home/ec2-user/environment/csce-606-f2018-project/app/channels/application_cable/channel.rb": [
        0,
        0,
        0,
        0
      ]
    },
    "timestamp": 1542574336
  },
  "RSpec": {
    "coverage": {
      "/home/ec2-user/environment/csce-606-f2018-project/app/models/channel.rb": [
        1,
        1,
        1,
        null
      ],
      "/home/ec2-user/environment/csce-606-f2018-project/app/models/application_record.rb": [
        1,
        1,
        null
      ],
      "/home/ec2-user/environment/csce-606-f2018-project/app/models/user.rb": [
        1,
        1,
        1,
        null,
        1,
        5,
        5,
        5,
        5,
        5,
        5,
        5,
        5,
        null,
        null,
        null,
        1,
        0,
        0,
        0,
        0,
        null,
        null,
        null,
        null
      ],
      "/home/ec2-user/environment/csce-606-f2018-project/app/helpers/home_helper.rb": [
        0,
        0
      ],
      "/home/ec2-user/environment/csce-606-f2018-project/app/helpers/me_helper.rb": [
        0,
        0
      ],
      "/home/ec2-user/environment/csce-606-f2018-project/app/helpers/stream_packages_helper.rb": [
        0,
        0
      ],
      "/home/ec2-user/environment/csce-606-f2018-project/app/helpers/channels_helper.rb": [
        0,
        0
      ],
      "/home/ec2-user/environment/csce-606-f2018-project/app/helpers/application_helper.rb": [
        0,
        0
      ],
      "/home/ec2-user/environment/csce-606-f2018-project/app/mailers/application_mailer.rb": [
        0,
        0,
        0,
        0
      ],
      "/home/ec2-user/environment/csce-606-f2018-project/app/jobs/application_job.rb": [
        0,
        0
      ],
      "/home/ec2-user/environment/csce-606-f2018-project/app/channels/application_cable/connection.rb": [
        0,
        0,
        0,
        0
      ],
      "/home/ec2-user/environment/csce-606-f2018-project/app/channels/application_cable/channel.rb": [
        0,
        0,
        0,
        0
      ],
      "/home/ec2-user/environment/csce-606-f2018-project/app/models/channels_user.rb": [
        0,
        0,
        0,
        null,
        null,
        0
      ],
      "/home/ec2-user/environment/csce-606-f2018-project/app/models/stream_package.rb": [
        0,
        0,
        0
      ],
      "/home/ec2-user/environment/csce-606-f2018-project/app/controllers/channels_controller.rb": [
        0,
        0,
        null,
        null,
        null,
        0,
        0,
        0,
        null,
        null,
        null,
        0,
        0,
        null,
        null,
        0,
        0,
        0,
        null,
        null,
        0,
        0,
        null,
        null,
        null,
        0,
        0,
        null,
        0,
        0,
        0,
        0,
        0,
        0,
        0,
        0,
        0,
        0,
        null,
        null,
        null,
        0,
        0,
        0,
        0,
        0,
        0,
        0,
        0,
        0,
        0,
        0,
        null,
        null,
        null,
        0,
        0,
        0,
        0,
        0,
        0,
        0,
        null,
        0,
        null,
        0,
        0,
        0,
        null,
        null,
        0,
        0,
        0,
        0
      ],
      "/home/ec2-user/environment/csce-606-f2018-project/app/controllers/sessions_controller.rb": [
        0,
        null,
        0,
        0,
        0,
        0,
        0,
        null,
        0,
        0,
        0,
        0,
        null,
        0
      ],
      "/home/ec2-user/environment/csce-606-f2018-project/app/controllers/signin_controller.rb": [
        0,
        0,
        0,
        0
      ],
      "/home/ec2-user/environment/csce-606-f2018-project/app/controllers/home_controller.rb": [
        0,
        0,
        0,
        0,
        null,
        0,
        0,
        0,
        null,
        0,
        0,
        0,
        null,
        0,
        null,
        0,
        null,
        null,
        null,
        null,
        0,
        0,
        0,
        0,
        null,
        0,
        0,
        0,
        0,
        0,
        0,
        0,
        0,
        0,
        null,
        0
      ],
      "/home/ec2-user/environment/csce-606-f2018-project/app/controllers/stream_packages_controller.rb": [
        0,
        0,
        0,
        null,
        null,
        null,
        0,
        0,
        0,
        null,
        null,
        null,
        0,
        0,
        null,
        null,
        0,
        0,
        0,
        0,
        null,
        null,
        0,
        0,
        null,
        null,
        null,
        0,
        0,
        0,
        null,
        0,
        0,
        0,
        0,
        0,
        0,
        0,
        0,
        0,
        0,
        null,
        null,
        null,
        0,
        0,
        0,
        null,
        0,
        0,
        0,
        0,
        0,
        0,
        0,
        0,
        0,
        null,
        null,
        null,
        0,
        0,
        0,
        0,
        0,
        0,
        0,
        null,
        0,
        null,
        0,
        0,
        0,
        0,
        null,
        null,
        0,
        0,
        0,
        0
      ],
      "/home/ec2-user/environment/csce-606-f2018-project/app/controllers/application_controller.rb": [
        0,
        0,
        0,
        null,
        0,
        0,
        0,
        null,
        0,
        0,
        0,
        null,
        0,
        null,
        0,
        0,
        null,
        0
      ]
    },
    "timestamp": 1542572680
  }
}
